<?xml version="1.0" encoding="UTF-8"?>
<testng-results skipped="0" failed="0" ignored="0" total="1" passed="1">
  <reporter-output>
  </reporter-output>
  <suite name="Suite" duration-ms="97009" started-at="2019-04-20T11:45:01Z" finished-at="2019-04-20T11:46:38Z">
    <groups>
      <group name="cucumber">
        <method signature="AbstractTestNGCucumberTests.runScenario(cucumber.api.testng.PickleEventWrapper, cucumber.api.testng.CucumberFeatureWrapper)[pri:0, instance:com.selbot.testcases.TC001_DuplicateLead@731a74c]" name="runScenario" class="cucumber.api.testng.AbstractTestNGCucumberTests"/>
      </group> <!-- cucumber -->
    </groups>
    <test name="Test" duration-ms="97009" started-at="2019-04-20T11:45:01Z" finished-at="2019-04-20T11:46:38Z">
      <class name="com.selbot.testcases.TC001_DuplicateLead">
        <test-method status="PASS" signature="startReport()[pri:0, instance:com.selbot.testcases.TC001_DuplicateLead@731a74c]" name="startReport" is-config="true" duration-ms="953" started-at="2019-04-20T11:45:00Z" finished-at="2019-04-20T11:45:01Z">
          <reporter-output>
          </reporter-output>
        </test-method> <!-- startReport -->
        <test-method status="PASS" signature="setData()[pri:0, instance:com.selbot.testcases.TC001_DuplicateLead@731a74c]" name="setData" is-config="true" duration-ms="0" started-at="2019-04-20T11:45:01Z" finished-at="2019-04-20T11:45:01Z">
          <reporter-output>
          </reporter-output>
        </test-method> <!-- setData -->
        <test-method status="PASS" signature="setUpClass()[pri:0, instance:com.selbot.testcases.TC001_DuplicateLead@731a74c]" name="setUpClass" is-config="true" duration-ms="210" started-at="2019-04-20T11:45:01Z" finished-at="2019-04-20T11:45:02Z">
          <reporter-output>
          </reporter-output>
        </test-method> <!-- setUpClass -->
        <test-method status="PASS" signature="report()[pri:0, instance:com.selbot.testcases.TC001_DuplicateLead@731a74c]" name="report" is-config="true" duration-ms="10" started-at="2019-04-20T11:45:02Z" finished-at="2019-04-20T11:45:02Z">
          <reporter-output>
          </reporter-output>
        </test-method> <!-- report -->
        <test-method status="PASS" signature="beforeMethod()[pri:0, instance:com.selbot.testcases.TC001_DuplicateLead@731a74c]" name="beforeMethod" is-config="true" duration-ms="52079" started-at="2019-04-20T11:45:03Z" finished-at="2019-04-20T11:45:55Z">
          <reporter-output>
          </reporter-output>
        </test-method> <!-- beforeMethod -->
        <test-method status="PASS" signature="createLead(java.lang.String, java.lang.String, java.lang.String, java.lang.String)[pri:0, instance:com.selbot.testcases.TC001_DuplicateLead@731a74c]" name="createLead" duration-ms="42593" started-at="2019-04-20T11:45:55Z" data-provider="fetchData" finished-at="2019-04-20T11:46:37Z">
          <params>
            <param index="0">
              <value>
                <![CDATA[DemoSalesManager]]>
              </value>
            </param>
            <param index="1">
              <value>
                <![CDATA[crmsfa]]>
              </value>
            </param>
            <param index="2">
              <value>
                <![CDATA[10701]]>
              </value>
            </param>
            <param index="3">
              <value>
                <![CDATA[Intellect02]]>
              </value>
            </param>
          </params>
          <reporter-output>
          </reporter-output>
        </test-method> <!-- createLead -->
        <test-method status="PASS" signature="afterMethod()[pri:0, instance:com.selbot.testcases.TC001_DuplicateLead@731a74c]" name="afterMethod" is-config="true" duration-ms="845" started-at="2019-04-20T11:46:37Z" finished-at="2019-04-20T11:46:38Z">
          <reporter-output>
          </reporter-output>
        </test-method> <!-- afterMethod -->
        <test-method status="PASS" signature="tearDownClass()[pri:0, instance:com.selbot.testcases.TC001_DuplicateLead@731a74c]" name="tearDownClass" is-config="true" duration-ms="223" started-at="2019-04-20T11:46:38Z" finished-at="2019-04-20T11:46:38Z">
          <reporter-output>
          </reporter-output>
        </test-method> <!-- tearDownClass -->
        <test-method status="PASS" signature="stopReport()[pri:0, instance:com.selbot.testcases.TC001_DuplicateLead@731a74c]" name="stopReport" is-config="true" duration-ms="1188" started-at="2019-04-20T11:46:39Z" finished-at="2019-04-20T11:46:40Z">
          <reporter-output>
          </reporter-output>
        </test-method> <!-- stopReport -->
      </class> <!-- com.selbot.testcases.TC001_DuplicateLead -->
    </test> <!-- Test -->
  </suite> <!-- Suite -->
</testng-results>
